Terminals unused in grammar

    TRUE
    FALSE


Grammar

    0 $accept: function $end

    1 function: function_header optional_variable body

    2 function_header: FUNCTION IDENTIFIER parameters RETURNS type ';'
    3                | FUNCTION IDENTIFIER RETURNS type ';'
    4                | error ';'

    5 optional_variable: optional_variable variable
    6                  | error ';'
    7                  | %empty

    8 variable: IDENTIFIER ':' type IS statement_

    9 parameters: parameter optional_parameter

   10 optional_parameter: optional_parameter ',' parameter
   11                   | %empty

   12 parameter: IDENTIFIER ':' type

   13 type: INTEGER
   14     | REAL
   15     | BOOLEAN

   16 body: BEGIN_ statement_ END ';'

   17 statement_: statement ';'
   18           | error ';'

   19 statement: expression
   20          | REDUCE operator reductions ENDREDUCE
   21          | IF expression THEN statement_ ELSE statement_ ENDIF
   22          | CASE expression IS optional_case OTHERS ARROW statement_ ENDCASE

   23 operator: ADDOP
   24         | MULOP

   25 optional_case: optional_case case
   26              | %empty

   27 case: WHEN INT_LITERAL ARROW statement_

   28 reductions: reductions statement_
   29           | %empty

   30 expression: expression OROP binary
   31           | binary

   32 binary: binary ANDOP relation
   33       | relation

   34 relation: relation RELOP term
   35         | term

   36 term: term ADDOP factor
   37     | factor

   38 factor: factor MULOP primary
   39       | factor REMOP exponent
   40       | exponent

   41 exponent: unary
   42         | unary EXPOP exponent

   43 unary: NOTOP primary
   44      | primary

   45 primary: '(' expression ')'
   46        | INT_LITERAL
   47        | REAL_LITERAL
   48        | BOOL_LITERAL
   49        | IDENTIFIER


Terminals, with rules where they appear

    $end (0) 0
    '(' (40) 45
    ')' (41) 45
    ',' (44) 10
    ':' (58) 8 12
    ';' (59) 2 3 4 6 16 17 18
    error (256) 4 6 18
    IDENTIFIER <iden> (258) 2 3 8 12 49
    INT_LITERAL <type> (259) 27 46
    REAL_LITERAL <type> (260) 47
    BOOL_LITERAL <type> (261) 48
    NOTOP <type> (262) 43
    CASE <type> (263) 22
    TRUE <type> (264)
    FALSE <type> (265)
    ELSE <type> (266) 21
    ENDIF <type> (267) 21
    IF <type> (268) 21
    ADDOP (269) 23 36
    MULOP (270) 24 38
    RELOP (271) 34
    ANDOP (272) 32
    EXPOP (273) 42
    OROP (274) 30
    REMOP (275) 39
    ARROW (276) 22 27
    THEN (277) 21
    WHEN (278) 27
    BEGIN_ (279) 16
    BOOLEAN (280) 15
    END (281) 16
    ENDREDUCE (282) 20
    FUNCTION (283) 2 3
    INTEGER (284) 13
    IS (285) 8 22
    REDUCE (286) 20
    RETURNS (287) 2 3
    ENDCASE (288) 22
    OTHERS (289) 22
    REAL (290) 14


Nonterminals, with rules where they appear

    $accept (41)
        on left: 0
    function (42)
        on left: 1
        on right: 0
    function_header (43)
        on left: 2 3 4
        on right: 1
    optional_variable (44)
        on left: 5 6 7
        on right: 1 5
    variable (45)
        on left: 8
        on right: 5
    parameters (46)
        on left: 9
        on right: 2
    optional_parameter (47)
        on left: 10 11
        on right: 9 10
    parameter (48)
        on left: 12
        on right: 9 10
    type <type> (49)
        on left: 13 14 15
        on right: 2 3 8 12
    body (50)
        on left: 16
        on right: 1
    statement_ <type> (51)
        on left: 17 18
        on right: 8 16 21 22 27 28
    statement <type> (52)
        on left: 19 20 21 22
        on right: 17
    operator (53)
        on left: 23 24
        on right: 20
    optional_case <type> (54)
        on left: 25 26
        on right: 22 25
    case <type> (55)
        on left: 27
        on right: 25
    reductions <type> (56)
        on left: 28 29
        on right: 20 28
    expression <type> (57)
        on left: 30 31
        on right: 19 21 22 30 45
    binary <type> (58)
        on left: 32 33
        on right: 30 31 32
    relation <type> (59)
        on left: 34 35
        on right: 32 33 34
    term <type> (60)
        on left: 36 37
        on right: 34 35 36
    factor <type> (61)
        on left: 38 39 40
        on right: 36 37 38 39
    exponent <type> (62)
        on left: 41 42
        on right: 39 40 42
    unary <type> (63)
        on left: 43 44
        on right: 41 42
    primary <type> (64)
        on left: 45 46 47 48 49
        on right: 38 43 44


State 0

    0 $accept: . function $end

    error     shift, and go to state 1
    FUNCTION  shift, and go to state 2

    function         go to state 3
    function_header  go to state 4


State 1

    4 function_header: error . ';'

    ';'  shift, and go to state 5


State 2

    2 function_header: FUNCTION . IDENTIFIER parameters RETURNS type ';'
    3                | FUNCTION . IDENTIFIER RETURNS type ';'

    IDENTIFIER  shift, and go to state 6


State 3

    0 $accept: function . $end

    $end  shift, and go to state 7


State 4

    1 function: function_header . optional_variable body

    error  shift, and go to state 8

    IDENTIFIER  reduce using rule 7 (optional_variable)
    BEGIN_      reduce using rule 7 (optional_variable)

    optional_variable  go to state 9


State 5

    4 function_header: error ';' .

    $default  reduce using rule 4 (function_header)


State 6

    2 function_header: FUNCTION IDENTIFIER . parameters RETURNS type ';'
    3                | FUNCTION IDENTIFIER . RETURNS type ';'

    IDENTIFIER  shift, and go to state 10
    RETURNS     shift, and go to state 11

    parameters  go to state 12
    parameter   go to state 13


State 7

    0 $accept: function $end .

    $default  accept


State 8

    6 optional_variable: error . ';'

    ';'  shift, and go to state 14


State 9

    1 function: function_header optional_variable . body
    5 optional_variable: optional_variable . variable

    IDENTIFIER  shift, and go to state 15
    BEGIN_      shift, and go to state 16

    variable  go to state 17
    body      go to state 18


State 10

   12 parameter: IDENTIFIER . ':' type

    ':'  shift, and go to state 19


State 11

    3 function_header: FUNCTION IDENTIFIER RETURNS . type ';'

    BOOLEAN  shift, and go to state 20
    INTEGER  shift, and go to state 21
    REAL     shift, and go to state 22

    type  go to state 23


State 12

    2 function_header: FUNCTION IDENTIFIER parameters . RETURNS type ';'

    RETURNS  shift, and go to state 24


State 13

    9 parameters: parameter . optional_parameter

    $default  reduce using rule 11 (optional_parameter)

    optional_parameter  go to state 25


State 14

    6 optional_variable: error ';' .

    $default  reduce using rule 6 (optional_variable)


State 15

    8 variable: IDENTIFIER . ':' type IS statement_

    ':'  shift, and go to state 26


State 16

   16 body: BEGIN_ . statement_ END ';'

    error         shift, and go to state 27
    IDENTIFIER    shift, and go to state 28
    INT_LITERAL   shift, and go to state 29
    REAL_LITERAL  shift, and go to state 30
    BOOL_LITERAL  shift, and go to state 31
    NOTOP         shift, and go to state 32
    CASE          shift, and go to state 33
    IF            shift, and go to state 34
    REDUCE        shift, and go to state 35
    '('           shift, and go to state 36

    statement_  go to state 37
    statement   go to state 38
    expression  go to state 39
    binary      go to state 40
    relation    go to state 41
    term        go to state 42
    factor      go to state 43
    exponent    go to state 44
    unary       go to state 45
    primary     go to state 46


State 17

    5 optional_variable: optional_variable variable .

    $default  reduce using rule 5 (optional_variable)


State 18

    1 function: function_header optional_variable body .

    $default  reduce using rule 1 (function)


State 19

   12 parameter: IDENTIFIER ':' . type

    BOOLEAN  shift, and go to state 20
    INTEGER  shift, and go to state 21
    REAL     shift, and go to state 22

    type  go to state 47


State 20

   15 type: BOOLEAN .

    $default  reduce using rule 15 (type)


State 21

   13 type: INTEGER .

    $default  reduce using rule 13 (type)


State 22

   14 type: REAL .

    $default  reduce using rule 14 (type)


State 23

    3 function_header: FUNCTION IDENTIFIER RETURNS type . ';'

    ';'  shift, and go to state 48


State 24

    2 function_header: FUNCTION IDENTIFIER parameters RETURNS . type ';'

    BOOLEAN  shift, and go to state 20
    INTEGER  shift, and go to state 21
    REAL     shift, and go to state 22

    type  go to state 49


State 25

    9 parameters: parameter optional_parameter .
   10 optional_parameter: optional_parameter . ',' parameter

    ','  shift, and go to state 50

    $default  reduce using rule 9 (parameters)


State 26

    8 variable: IDENTIFIER ':' . type IS statement_

    BOOLEAN  shift, and go to state 20
    INTEGER  shift, and go to state 21
    REAL     shift, and go to state 22

    type  go to state 51


State 27

   18 statement_: error . ';'

    ';'  shift, and go to state 52


State 28

   49 primary: IDENTIFIER .

    $default  reduce using rule 49 (primary)


State 29

   46 primary: INT_LITERAL .

    $default  reduce using rule 46 (primary)


State 30

   47 primary: REAL_LITERAL .

    $default  reduce using rule 47 (primary)


State 31

   48 primary: BOOL_LITERAL .

    $default  reduce using rule 48 (primary)


State 32

   43 unary: NOTOP . primary

    IDENTIFIER    shift, and go to state 28
    INT_LITERAL   shift, and go to state 29
    REAL_LITERAL  shift, and go to state 30
    BOOL_LITERAL  shift, and go to state 31
    '('           shift, and go to state 36

    primary  go to state 53


State 33

   22 statement: CASE . expression IS optional_case OTHERS ARROW statement_ ENDCASE

    IDENTIFIER    shift, and go to state 28
    INT_LITERAL   shift, and go to state 29
    REAL_LITERAL  shift, and go to state 30
    BOOL_LITERAL  shift, and go to state 31
    NOTOP         shift, and go to state 32
    '('           shift, and go to state 36

    expression  go to state 54
    binary      go to state 40
    relation    go to state 41
    term        go to state 42
    factor      go to state 43
    exponent    go to state 44
    unary       go to state 45
    primary     go to state 46


State 34

   21 statement: IF . expression THEN statement_ ELSE statement_ ENDIF

    IDENTIFIER    shift, and go to state 28
    INT_LITERAL   shift, and go to state 29
    REAL_LITERAL  shift, and go to state 30
    BOOL_LITERAL  shift, and go to state 31
    NOTOP         shift, and go to state 32
    '('           shift, and go to state 36

    expression  go to state 55
    binary      go to state 40
    relation    go to state 41
    term        go to state 42
    factor      go to state 43
    exponent    go to state 44
    unary       go to state 45
    primary     go to state 46


State 35

   20 statement: REDUCE . operator reductions ENDREDUCE

    ADDOP  shift, and go to state 56
    MULOP  shift, and go to state 57

    operator  go to state 58


State 36

   45 primary: '(' . expression ')'

    IDENTIFIER    shift, and go to state 28
    INT_LITERAL   shift, and go to state 29
    REAL_LITERAL  shift, and go to state 30
    BOOL_LITERAL  shift, and go to state 31
    NOTOP         shift, and go to state 32
    '('           shift, and go to state 36

    expression  go to state 59
    binary      go to state 40
    relation    go to state 41
    term        go to state 42
    factor      go to state 43
    exponent    go to state 44
    unary       go to state 45
    primary     go to state 46


State 37

   16 body: BEGIN_ statement_ . END ';'

    END  shift, and go to state 60


State 38

   17 statement_: statement . ';'

    ';'  shift, and go to state 61


State 39

   19 statement: expression .
   30 expression: expression . OROP binary

    OROP  shift, and go to state 62

    $default  reduce using rule 19 (statement)


State 40

   31 expression: binary .
   32 binary: binary . ANDOP relation

    ANDOP  shift, and go to state 63

    $default  reduce using rule 31 (expression)


State 41

   33 binary: relation .
   34 relation: relation . RELOP term

    RELOP  shift, and go to state 64

    $default  reduce using rule 33 (binary)


State 42

   35 relation: term .
   36 term: term . ADDOP factor

    ADDOP  shift, and go to state 65

    $default  reduce using rule 35 (relation)


State 43

   37 term: factor .
   38 factor: factor . MULOP primary
   39       | factor . REMOP exponent

    MULOP  shift, and go to state 66
    REMOP  shift, and go to state 67

    $default  reduce using rule 37 (term)


State 44

   40 factor: exponent .

    $default  reduce using rule 40 (factor)


State 45

   41 exponent: unary .
   42         | unary . EXPOP exponent

    EXPOP  shift, and go to state 68

    $default  reduce using rule 41 (exponent)


State 46

   44 unary: primary .

    $default  reduce using rule 44 (unary)


State 47

   12 parameter: IDENTIFIER ':' type .

    $default  reduce using rule 12 (parameter)


State 48

    3 function_header: FUNCTION IDENTIFIER RETURNS type ';' .

    $default  reduce using rule 3 (function_header)


State 49

    2 function_header: FUNCTION IDENTIFIER parameters RETURNS type . ';'

    ';'  shift, and go to state 69


State 50

   10 optional_parameter: optional_parameter ',' . parameter

    IDENTIFIER  shift, and go to state 10

    parameter  go to state 70


State 51

    8 variable: IDENTIFIER ':' type . IS statement_

    IS  shift, and go to state 71


State 52

   18 statement_: error ';' .

    $default  reduce using rule 18 (statement_)


State 53

   43 unary: NOTOP primary .

    $default  reduce using rule 43 (unary)


State 54

   22 statement: CASE expression . IS optional_case OTHERS ARROW statement_ ENDCASE
   30 expression: expression . OROP binary

    OROP  shift, and go to state 62
    IS    shift, and go to state 72


State 55

   21 statement: IF expression . THEN statement_ ELSE statement_ ENDIF
   30 expression: expression . OROP binary

    OROP  shift, and go to state 62
    THEN  shift, and go to state 73


State 56

   23 operator: ADDOP .

    $default  reduce using rule 23 (operator)


State 57

   24 operator: MULOP .

    $default  reduce using rule 24 (operator)


State 58

   20 statement: REDUCE operator . reductions ENDREDUCE

    $default  reduce using rule 29 (reductions)

    reductions  go to state 74


State 59

   30 expression: expression . OROP binary
   45 primary: '(' expression . ')'

    OROP  shift, and go to state 62
    ')'   shift, and go to state 75


State 60

   16 body: BEGIN_ statement_ END . ';'

    ';'  shift, and go to state 76


State 61

   17 statement_: statement ';' .

    $default  reduce using rule 17 (statement_)


State 62

   30 expression: expression OROP . binary

    IDENTIFIER    shift, and go to state 28
    INT_LITERAL   shift, and go to state 29
    REAL_LITERAL  shift, and go to state 30
    BOOL_LITERAL  shift, and go to state 31
    NOTOP         shift, and go to state 32
    '('           shift, and go to state 36

    binary    go to state 77
    relation  go to state 41
    term      go to state 42
    factor    go to state 43
    exponent  go to state 44
    unary     go to state 45
    primary   go to state 46


State 63

   32 binary: binary ANDOP . relation

    IDENTIFIER    shift, and go to state 28
    INT_LITERAL   shift, and go to state 29
    REAL_LITERAL  shift, and go to state 30
    BOOL_LITERAL  shift, and go to state 31
    NOTOP         shift, and go to state 32
    '('           shift, and go to state 36

    relation  go to state 78
    term      go to state 42
    factor    go to state 43
    exponent  go to state 44
    unary     go to state 45
    primary   go to state 46


State 64

   34 relation: relation RELOP . term

    IDENTIFIER    shift, and go to state 28
    INT_LITERAL   shift, and go to state 29
    REAL_LITERAL  shift, and go to state 30
    BOOL_LITERAL  shift, and go to state 31
    NOTOP         shift, and go to state 32
    '('           shift, and go to state 36

    term      go to state 79
    factor    go to state 43
    exponent  go to state 44
    unary     go to state 45
    primary   go to state 46


State 65

   36 term: term ADDOP . factor

    IDENTIFIER    shift, and go to state 28
    INT_LITERAL   shift, and go to state 29
    REAL_LITERAL  shift, and go to state 30
    BOOL_LITERAL  shift, and go to state 31
    NOTOP         shift, and go to state 32
    '('           shift, and go to state 36

    factor    go to state 80
    exponent  go to state 44
    unary     go to state 45
    primary   go to state 46


State 66

   38 factor: factor MULOP . primary

    IDENTIFIER    shift, and go to state 28
    INT_LITERAL   shift, and go to state 29
    REAL_LITERAL  shift, and go to state 30
    BOOL_LITERAL  shift, and go to state 31
    '('           shift, and go to state 36

    primary  go to state 81


State 67

   39 factor: factor REMOP . exponent

    IDENTIFIER    shift, and go to state 28
    INT_LITERAL   shift, and go to state 29
    REAL_LITERAL  shift, and go to state 30
    BOOL_LITERAL  shift, and go to state 31
    NOTOP         shift, and go to state 32
    '('           shift, and go to state 36

    exponent  go to state 82
    unary     go to state 45
    primary   go to state 46


State 68

   42 exponent: unary EXPOP . exponent

    IDENTIFIER    shift, and go to state 28
    INT_LITERAL   shift, and go to state 29
    REAL_LITERAL  shift, and go to state 30
    BOOL_LITERAL  shift, and go to state 31
    NOTOP         shift, and go to state 32
    '('           shift, and go to state 36

    exponent  go to state 83
    unary     go to state 45
    primary   go to state 46


State 69

    2 function_header: FUNCTION IDENTIFIER parameters RETURNS type ';' .

    $default  reduce using rule 2 (function_header)


State 70

   10 optional_parameter: optional_parameter ',' parameter .

    $default  reduce using rule 10 (optional_parameter)


State 71

    8 variable: IDENTIFIER ':' type IS . statement_

    error         shift, and go to state 27
    IDENTIFIER    shift, and go to state 28
    INT_LITERAL   shift, and go to state 29
    REAL_LITERAL  shift, and go to state 30
    BOOL_LITERAL  shift, and go to state 31
    NOTOP         shift, and go to state 32
    CASE          shift, and go to state 33
    IF            shift, and go to state 34
    REDUCE        shift, and go to state 35
    '('           shift, and go to state 36

    statement_  go to state 84
    statement   go to state 38
    expression  go to state 39
    binary      go to state 40
    relation    go to state 41
    term        go to state 42
    factor      go to state 43
    exponent    go to state 44
    unary       go to state 45
    primary     go to state 46


State 72

   22 statement: CASE expression IS . optional_case OTHERS ARROW statement_ ENDCASE

    $default  reduce using rule 26 (optional_case)

    optional_case  go to state 85


State 73

   21 statement: IF expression THEN . statement_ ELSE statement_ ENDIF

    error         shift, and go to state 27
    IDENTIFIER    shift, and go to state 28
    INT_LITERAL   shift, and go to state 29
    REAL_LITERAL  shift, and go to state 30
    BOOL_LITERAL  shift, and go to state 31
    NOTOP         shift, and go to state 32
    CASE          shift, and go to state 33
    IF            shift, and go to state 34
    REDUCE        shift, and go to state 35
    '('           shift, and go to state 36

    statement_  go to state 86
    statement   go to state 38
    expression  go to state 39
    binary      go to state 40
    relation    go to state 41
    term        go to state 42
    factor      go to state 43
    exponent    go to state 44
    unary       go to state 45
    primary     go to state 46


State 74

   20 statement: REDUCE operator reductions . ENDREDUCE
   28 reductions: reductions . statement_

    error         shift, and go to state 27
    IDENTIFIER    shift, and go to state 28
    INT_LITERAL   shift, and go to state 29
    REAL_LITERAL  shift, and go to state 30
    BOOL_LITERAL  shift, and go to state 31
    NOTOP         shift, and go to state 32
    CASE          shift, and go to state 33
    IF            shift, and go to state 34
    ENDREDUCE     shift, and go to state 87
    REDUCE        shift, and go to state 35
    '('           shift, and go to state 36

    statement_  go to state 88
    statement   go to state 38
    expression  go to state 39
    binary      go to state 40
    relation    go to state 41
    term        go to state 42
    factor      go to state 43
    exponent    go to state 44
    unary       go to state 45
    primary     go to state 46


State 75

   45 primary: '(' expression ')' .

    $default  reduce using rule 45 (primary)


State 76

   16 body: BEGIN_ statement_ END ';' .

    $default  reduce using rule 16 (body)


State 77

   30 expression: expression OROP binary .
   32 binary: binary . ANDOP relation

    ANDOP  shift, and go to state 63

    $default  reduce using rule 30 (expression)


State 78

   32 binary: binary ANDOP relation .
   34 relation: relation . RELOP term

    RELOP  shift, and go to state 64

    $default  reduce using rule 32 (binary)


State 79

   34 relation: relation RELOP term .
   36 term: term . ADDOP factor

    ADDOP  shift, and go to state 65

    $default  reduce using rule 34 (relation)


State 80

   36 term: term ADDOP factor .
   38 factor: factor . MULOP primary
   39       | factor . REMOP exponent

    MULOP  shift, and go to state 66
    REMOP  shift, and go to state 67

    $default  reduce using rule 36 (term)


State 81

   38 factor: factor MULOP primary .

    $default  reduce using rule 38 (factor)


State 82

   39 factor: factor REMOP exponent .

    $default  reduce using rule 39 (factor)


State 83

   42 exponent: unary EXPOP exponent .

    $default  reduce using rule 42 (exponent)


State 84

    8 variable: IDENTIFIER ':' type IS statement_ .

    $default  reduce using rule 8 (variable)


State 85

   22 statement: CASE expression IS optional_case . OTHERS ARROW statement_ ENDCASE
   25 optional_case: optional_case . case

    WHEN    shift, and go to state 89
    OTHERS  shift, and go to state 90

    case  go to state 91


State 86

   21 statement: IF expression THEN statement_ . ELSE statement_ ENDIF

    ELSE  shift, and go to state 92


State 87

   20 statement: REDUCE operator reductions ENDREDUCE .

    $default  reduce using rule 20 (statement)


State 88

   28 reductions: reductions statement_ .

    $default  reduce using rule 28 (reductions)


State 89

   27 case: WHEN . INT_LITERAL ARROW statement_

    INT_LITERAL  shift, and go to state 93


State 90

   22 statement: CASE expression IS optional_case OTHERS . ARROW statement_ ENDCASE

    ARROW  shift, and go to state 94


State 91

   25 optional_case: optional_case case .

    $default  reduce using rule 25 (optional_case)


State 92

   21 statement: IF expression THEN statement_ ELSE . statement_ ENDIF

    error         shift, and go to state 27
    IDENTIFIER    shift, and go to state 28
    INT_LITERAL   shift, and go to state 29
    REAL_LITERAL  shift, and go to state 30
    BOOL_LITERAL  shift, and go to state 31
    NOTOP         shift, and go to state 32
    CASE          shift, and go to state 33
    IF            shift, and go to state 34
    REDUCE        shift, and go to state 35
    '('           shift, and go to state 36

    statement_  go to state 95
    statement   go to state 38
    expression  go to state 39
    binary      go to state 40
    relation    go to state 41
    term        go to state 42
    factor      go to state 43
    exponent    go to state 44
    unary       go to state 45
    primary     go to state 46


State 93

   27 case: WHEN INT_LITERAL . ARROW statement_

    ARROW  shift, and go to state 96


State 94

   22 statement: CASE expression IS optional_case OTHERS ARROW . statement_ ENDCASE

    error         shift, and go to state 27
    IDENTIFIER    shift, and go to state 28
    INT_LITERAL   shift, and go to state 29
    REAL_LITERAL  shift, and go to state 30
    BOOL_LITERAL  shift, and go to state 31
    NOTOP         shift, and go to state 32
    CASE          shift, and go to state 33
    IF            shift, and go to state 34
    REDUCE        shift, and go to state 35
    '('           shift, and go to state 36

    statement_  go to state 97
    statement   go to state 38
    expression  go to state 39
    binary      go to state 40
    relation    go to state 41
    term        go to state 42
    factor      go to state 43
    exponent    go to state 44
    unary       go to state 45
    primary     go to state 46


State 95

   21 statement: IF expression THEN statement_ ELSE statement_ . ENDIF

    ENDIF  shift, and go to state 98


State 96

   27 case: WHEN INT_LITERAL ARROW . statement_

    error         shift, and go to state 27
    IDENTIFIER    shift, and go to state 28
    INT_LITERAL   shift, and go to state 29
    REAL_LITERAL  shift, and go to state 30
    BOOL_LITERAL  shift, and go to state 31
    NOTOP         shift, and go to state 32
    CASE          shift, and go to state 33
    IF            shift, and go to state 34
    REDUCE        shift, and go to state 35
    '('           shift, and go to state 36

    statement_  go to state 99
    statement   go to state 38
    expression  go to state 39
    binary      go to state 40
    relation    go to state 41
    term        go to state 42
    factor      go to state 43
    exponent    go to state 44
    unary       go to state 45
    primary     go to state 46


State 97

   22 statement: CASE expression IS optional_case OTHERS ARROW statement_ . ENDCASE

    ENDCASE  shift, and go to state 100


State 98

   21 statement: IF expression THEN statement_ ELSE statement_ ENDIF .

    $default  reduce using rule 21 (statement)


State 99

   27 case: WHEN INT_LITERAL ARROW statement_ .

    $default  reduce using rule 27 (case)


State 100

   22 statement: CASE expression IS optional_case OTHERS ARROW statement_ ENDCASE .

    $default  reduce using rule 22 (statement)
